<?xml version="1.0" encoding="UTF-8"?>
<!-- Generated by org.testng.reporters.JUnitXMLReporter -->
<testsuite ignored="0" hostname="DESKTOP-C5NNEHG" failures="1" tests="2" name="Test" time="18.765" errors="0" timestamp="2022-04-10T15:00:15 IST">
  <testcase classname="TestCases.LogInTestCase" name="verificationOfLoginPage" time="0.223">
    <failure type="java.lang.AssertionError" message="expected [true] but found [false]">
      <![CDATA[java.lang.AssertionError: expected [true] but found [false]
at TestCases.LogInTestCase.verificationOfLoginPage(LogInTestCase.java:54)
at java.base/java.util.ArrayList.forEach(ArrayList.java:1511)
... Removed 32 stack frames]]>
    </failure>
  </testcase> <!-- verificationOfLoginPage -->
  <testcase classname="TestCases.LogInTestCase" name="createWishList" time="6.741"/>
</testsuite> <!-- Test -->
